AH00558: apache2: Could not reliably determine the server's fully qualified domain name, using 192.168.201.215. Set the 'ServerName' directive globally to suppress this message
[Fri Jan 23 16:45:07.648339 2026] [mpm_prefork:notice] [pid 1:tid 1] AH00163: Apache/2.4.66 (Debian) configured -- resuming normal operations
[Fri Jan 23 16:45:07.648586 2026] [core:notice] [pid 1:tid 1] AH00094: Command line: 'apache2 -D FOREGROUND'
[Fri Jan 23 16:47:35.714257 2026] [mpm_prefork:notice] [pid 1:tid 1] AH00170: caught SIGWINCH, shutting down gracefully
AH00558: apache2: Could not reliably determine the server's fully qualified domain name, using 192.168.201.215. Set the 'ServerName' directive globally to suppress this message
[Sun Jan 25 20:09:31.241330 2026] [mpm_prefork:notice] [pid 1:tid 1] AH00163: Apache/2.4.66 (Debian) configured -- resuming normal operations
[Sun Jan 25 20:09:31.241622 2026] [core:notice] [pid 1:tid 1] AH00094: Command line: 'apache2 -D FOREGROUND'
[Sun Jan 25 20:25:09.792711 2026] [mpm_prefork:notice] [pid 1:tid 1] AH00170: caught SIGWINCH, shutting down gracefully
AH00558: apache2: Could not reliably determine the server's fully qualified domain name, using 192.168.201.215. Set the 'ServerName' directive globally to suppress this message
[Mon Jan 26 11:49:21.087375 2026] [mpm_prefork:notice] [pid 1:tid 1] AH00163: Apache/2.4.66 (Debian) configured -- resuming normal operations
[Mon Jan 26 11:49:21.087600 2026] [core:notice] [pid 1:tid 1] AH00094: Command line: 'apache2 -D FOREGROUND'
[Tue Jan 27 11:10:19.161432 2026] [mpm_prefork:notice] [pid 1:tid 1] AH00170: caught SIGWINCH, shutting down gracefully
AH00558: apache2: Could not reliably determine the server's fully qualified domain name, using 192.168.201.215. Set the 'ServerName' directive globally to suppress this message
[Tue Jan 27 11:12:52.552223 2026] [mpm_prefork:notice] [pid 1:tid 1] AH00163: Apache/2.4.66 (Debian) configured -- resuming normal operations
[Tue Jan 27 11:12:52.552517 2026] [core:notice] [pid 1:tid 1] AH00094: Command line: 'apache2 -D FOREGROUND'
[Tue Jan 27 14:44:46.315563 2026] [mpm_prefork:notice] [pid 1:tid 1] AH00170: caught SIGWINCH, shutting down gracefully
AH00558: apache2: Could not reliably determine the server's fully qualified domain name, using 192.168.201.215. Set the 'ServerName' directive globally to suppress this message
[Tue Jan 27 14:49:35.824531 2026] [mpm_prefork:notice] [pid 1:tid 1] AH00163: Apache/2.4.66 (Debian) configured -- resuming normal operations
[Tue Jan 27 14:49:35.824894 2026] [core:notice] [pid 1:tid 1] AH00094: Command line: 'apache2 -D FOREGROUND'
[Wed Jan 28 12:00:31.769311 2026] [mpm_prefork:notice] [pid 1:tid 1] AH00170: caught SIGWINCH, shutting down gracefully
AH00558: apache2: Could not reliably determine the server's fully qualified domain name, using 192.168.201.215. Set the 'ServerName' directive globally to suppress this message
[Wed Jan 28 12:30:37.205832 2026] [mpm_prefork:notice] [pid 1:tid 1] AH00163: Apache/2.4.66 (Debian) configured -- resuming normal operations
[Wed Jan 28 12:30:37.206093 2026] [core:notice] [pid 1:tid 1] AH00094: Command line: 'apache2 -D FOREGROUND'
[Thu Jan 29 11:35:58.245338 2026] [mpm_prefork:notice] [pid 1:tid 1] AH00170: caught SIGWINCH, shutting down gracefully
AH00558: apache2: Could not reliably determine the server's fully qualified domain name, using 192.168.201.215. Set the 'ServerName' directive globally to suppress this message
[Thu Jan 29 11:39:32.530086 2026] [mpm_prefork:notice] [pid 1:tid 1] AH00163: Apache/2.4.66 (Debian) configured -- resuming normal operations
[Thu Jan 29 11:39:32.530429 2026] [core:notice] [pid 1:tid 1] AH00094: Command line: 'apache2 -D FOREGROUND'
[Thu Jan 29 14:23:03.741980 2026] [mpm_prefork:notice] [pid 1:tid 1] AH00170: caught SIGWINCH, shutting down gracefully
AH00558: apache2: Could not reliably determine the server's fully qualified domain name, using 192.168.201.215. Set the 'ServerName' directive globally to suppress this message
[Thu Jan 29 14:27:20.603953 2026] [mpm_prefork:notice] [pid 1:tid 1] AH00163: Apache/2.4.66 (Debian) configured -- resuming normal operations
[Thu Jan 29 14:27:20.604225 2026] [core:notice] [pid 1:tid 1] AH00094: Command line: 'apache2 -D FOREGROUND'
[Thu Jan 29 14:38:07.413007 2026] [mpm_prefork:notice] [pid 1:tid 1] AH00170: caught SIGWINCH, shutting down gracefully
AH00558: apache2: Could not reliably determine the server's fully qualified domain name, using 192.168.201.215. Set the 'ServerName' directive globally to suppress this message
[Thu Jan 29 14:40:37.430104 2026] [mpm_prefork:notice] [pid 1:tid 1] AH00163: Apache/2.4.66 (Debian) configured -- resuming normal operations
[Thu Jan 29 14:40:37.430440 2026] [core:notice] [pid 1:tid 1] AH00094: Command line: 'apache2 -D FOREGROUND'
[Fri Jan 30 14:20:11.356905 2026] [mpm_prefork:notice] [pid 1:tid 1] AH00170: caught SIGWINCH, shutting down gracefully
AH00558: apache2: Could not reliably determine the server's fully qualified domain name, using 192.168.201.215. Set the 'ServerName' directive globally to suppress this message
[Sun Feb 01 13:08:08.207306 2026] [mpm_prefork:notice] [pid 1:tid 1] AH00163: Apache/2.4.66 (Debian) configured -- resuming normal operations
[Sun Feb 01 13:08:08.207592 2026] [core:notice] [pid 1:tid 1] AH00094: Command line: 'apache2 -D FOREGROUND'
AH00558: apache2: Could not reliably determine the server's fully qualified domain name, using 192.168.201.215. Set the 'ServerName' directive globally to suppress this message
[Mon Feb 02 11:20:00.020901 2026] [mpm_prefork:notice] [pid 1:tid 1] AH00163: Apache/2.4.66 (Debian) configured -- resuming normal operations
[Mon Feb 02 11:20:00.021439 2026] [core:notice] [pid 1:tid 1] AH00094: Command line: 'apache2 -D FOREGROUND'
[Mon Feb 02 11:37:35.343318 2026] [mpm_prefork:notice] [pid 1:tid 1] AH00170: caught SIGWINCH, shutting down gracefully
AH00558: apache2: Could not reliably determine the server's fully qualified domain name, using 192.168.201.215. Set the 'ServerName' directive globally to suppress this message
[Mon Feb 02 12:14:14.562175 2026] [mpm_prefork:notice] [pid 1:tid 1] AH00163: Apache/2.4.66 (Debian) configured -- resuming normal operations
[Mon Feb 02 12:14:14.562487 2026] [core:notice] [pid 1:tid 1] AH00094: Command line: 'apache2 -D FOREGROUND'
[Mon Feb 02 13:02:29.584594 2026] [mpm_prefork:notice] [pid 1:tid 1] AH00170: caught SIGWINCH, shutting down gracefully
AH00558: apache2: Could not reliably determine the server's fully qualified domain name, using 192.168.201.215. Set the 'ServerName' directive globally to suppress this message
[Mon Feb 02 13:03:49.092120 2026] [mpm_prefork:notice] [pid 1:tid 1] AH00163: Apache/2.4.66 (Debian) configured -- resuming normal operations
[Mon Feb 02 13:03:49.092424 2026] [core:notice] [pid 1:tid 1] AH00094: Command line: 'apache2 -D FOREGROUND'
AH00558: apache2: Could not reliably determine the server's fully qualified domain name, using 192.168.201.215. Set the 'ServerName' directive globally to suppress this message
[Mon Feb 02 16:08:32.277826 2026] [mpm_prefork:notice] [pid 1:tid 1] AH00163: Apache/2.4.66 (Debian) configured -- resuming normal operations
[Mon Feb 02 16:08:32.285043 2026] [core:notice] [pid 1:tid 1] AH00094: Command line: 'apache2 -D FOREGROUND'
[Mon Feb 02 16:08:35.451528 2026] [mpm_prefork:notice] [pid 1:tid 1] AH00170: caught SIGWINCH, shutting down gracefully
AH00558: apache2: Could not reliably determine the server's fully qualified domain name, using 192.168.201.215. Set the 'ServerName' directive globally to suppress this message
[Mon Feb 02 16:09:07.396373 2026] [mpm_prefork:notice] [pid 1:tid 1] AH00163: Apache/2.4.66 (Debian) configured -- resuming normal operations
[Mon Feb 02 16:09:07.397036 2026] [core:notice] [pid 1:tid 1] AH00094: Command line: 'apache2 -D FOREGROUND'
[Mon Feb 02 21:04:29.015957 2026] [mpm_prefork:notice] [pid 1:tid 1] AH00170: caught SIGWINCH, shutting down gracefully
AH00558: apache2: Could not reliably determine the server's fully qualified domain name, using 192.168.201.215. Set the 'ServerName' directive globally to suppress this message
[Tue Feb 03 08:32:59.628005 2026] [mpm_prefork:notice] [pid 1:tid 1] AH00163: Apache/2.4.66 (Debian) configured -- resuming normal operations
[Tue Feb 03 08:32:59.628660 2026] [core:notice] [pid 1:tid 1] AH00094: Command line: 'apache2 -D FOREGROUND'
[Tue Feb 03 14:27:48.046382 2026] [mpm_prefork:notice] [pid 1:tid 1] AH00170: caught SIGWINCH, shutting down gracefully
AH00558: apache2: Could not reliably determine the server's fully qualified domain name, using 192.168.201.215. Set the 'ServerName' directive globally to suppress this message
[Wed Feb 04 09:29:34.970758 2026] [mpm_prefork:notice] [pid 1:tid 1] AH00163: Apache/2.4.66 (Debian) configured -- resuming normal operations
[Wed Feb 04 09:29:34.974819 2026] [core:notice] [pid 1:tid 1] AH00094: Command line: 'apache2 -D FOREGROUND'
[Wed Feb 04 09:36:01.047477 2026] [mpm_prefork:notice] [pid 1:tid 1] AH00170: caught SIGWINCH, shutting down gracefully
AH00558: apache2: Could not reliably determine the server's fully qualified domain name, using 192.168.201.215. Set the 'ServerName' directive globally to suppress this message
[Wed Feb 04 09:36:27.919395 2026] [mpm_prefork:notice] [pid 1:tid 1] AH00163: Apache/2.4.66 (Debian) configured -- resuming normal operations
[Wed Feb 04 09:36:27.919776 2026] [core:notice] [pid 1:tid 1] AH00094: Command line: 'apache2 -D FOREGROUND'
[Wed Feb 04 09:37:28.588687 2026] [mpm_prefork:notice] [pid 1:tid 1] AH00170: caught SIGWINCH, shutting down gracefully
AH00558: apache2: Could not reliably determine the server's fully qualified domain name, using 192.168.201.215. Set the 'ServerName' directive globally to suppress this message
[Wed Feb 04 09:38:19.022383 2026] [mpm_prefork:notice] [pid 1:tid 1] AH00163: Apache/2.4.66 (Debian) configured -- resuming normal operations
[Wed Feb 04 09:38:19.022651 2026] [core:notice] [pid 1:tid 1] AH00094: Command line: 'apache2 -D FOREGROUND'
[Wed Feb 04 23:12:09.788939 2026] [mpm_prefork:notice] [pid 1:tid 1] AH00170: caught SIGWINCH, shutting down gracefully
AH00558: apache2: Could not reliably determine the server's fully qualified domain name, using 192.168.201.215. Set the 'ServerName' directive globally to suppress this message
[Wed Feb 04 23:12:18.614896 2026] [mpm_prefork:notice] [pid 1:tid 1] AH00163: Apache/2.4.66 (Debian) configured -- resuming normal operations
[Wed Feb 04 23:12:18.615252 2026] [core:notice] [pid 1:tid 1] AH00094: Command line: 'apache2 -D FOREGROUND'
[Wed Feb 04 23:13:09.243266 2026] [mpm_prefork:notice] [pid 1:tid 1] AH00170: caught SIGWINCH, shutting down gracefully
AH00558: apache2: Could not reliably determine the server's fully qualified domain name, using 192.168.201.215. Set the 'ServerName' directive globally to suppress this message
[Wed Feb 04 23:14:01.753471 2026] [mpm_prefork:notice] [pid 1:tid 1] AH00163: Apache/2.4.66 (Debian) configured -- resuming normal operations
[Wed Feb 04 23:14:01.753972 2026] [core:notice] [pid 1:tid 1] AH00094: Command line: 'apache2 -D FOREGROUND'
[Thu Feb 05 01:08:45.859911 2026] [mpm_prefork:notice] [pid 1:tid 1] AH00170: caught SIGWINCH, shutting down gracefully
AH00558: apache2: Could not reliably determine the server's fully qualified domain name, using 192.168.201.215. Set the 'ServerName' directive globally to suppress this message
[Thu Feb 05 04:52:51.966825 2026] [mpm_prefork:notice] [pid 1:tid 1] AH00163: Apache/2.4.66 (Debian) configured -- resuming normal operations
[Thu Feb 05 04:52:51.968680 2026] [core:notice] [pid 1:tid 1] AH00094: Command line: 'apache2 -D FOREGROUND'
